###############################################################################
#                                                                             #
#     IAR Assembler V8.40.2.214/W32 for ARM 25/May/2020  16:12:28             #
#     Copyright 1999-2019 IAR Systems AB.                                     #
#                                                                             #
#           Source file   =  C:\Users\maxunm\Desktop\TShirtPress\EWARM\startup_stm32f429xx.s#
#           List file     =  C:\Users\maxunm\Desktop\TShirtPress\EWARM\Press\List\startup_stm32f429xx.lst#
#           Object file   =  C:\Users\maxunm\Desktop\TShirtPress\EWARM\Press\Obj\startup_stm32f429xx.o#
#           Command line  =  -f                                               #
#                            C:\Users\maxunm\AppData\Local\Temp\EW5173.tmp    #
#                            (C:\Users\maxunm\Desktop\TShirtPress\EWARM\startup_stm32f429xx.s #
#                            -OC:\Users\maxunm\Desktop\TShirtPress\EWARM\Press\Obj #
#                            -s+ -M<> -w+ -r                                  #
#                            -LC:\Users\maxunm\Desktop\TShirtPress\EWARM\Press\List #
#                            -cAOM -i -B -t8 -x --cpu Cortex-M4 --fpu         #
#                            VFPv4_sp)                                        #
#                                                                             #
###############################################################################

    1                           ;/******************** (C) COPYRIGHT 2017
                                 STMicroelectronics ********************
    2                           ;* File Name          : startup_stm32f429xx.s
    3                           ;* Author             : MCD Application
                                 Team
    4                           ;* Description        : STM32F429xx devices
                                 vector table for EWARM toolchain.
    5                           ;*                      This module performs:
    6                           ;*                      - Set the initial
                                 SP
    7                           ;*                      - Set the initial PC
                                 == _iar_program_start,
    8                           ;*                      - Set the vector table
                                 entries with the exceptions ISR 
    9                           ;*                        address.
   10                           ;*                      - Branches to main in
                                 the C library (which eventually
   11                           ;*                        calls main()).
   12                           ;*                      After Reset the
                                 Cortex-M4 processor is in Thread mode,
   13                           ;*                      priority is Privileged
                                , and the Stack is set to Main.
   14                           ;*********************************************
                                ***********************************
   15                           ;* 
   16                           ;* Redistribution and use in source and binary
                                 forms, with or without modification,
   17                           ;* are permitted provided that the following
                                 conditions are met:
   18                           ;*   1. Redistributions of source code must
                                 retain the above copyright notice,
   19                           ;*      this list of conditions and the
                                 following disclaimer.
   20                           ;*   2. Redistributions in binary form must
                                 reproduce the above copyright notice,
   21                           ;*      this list of conditions and the
                                 following disclaimer in the documentation
   22                           ;*      and/or other materials provided with
                                 the distribution.
   23                           ;*   3. Neither the name of STMicroelectronics
                                 nor the names of its contributors
   24                           ;*      may be used to endorse or promote
                                 products derived from this software
   25                           ;*      without specific prior written
                                 permission.
   26                           ;*
   27                           ;* THIS SOFTWARE IS PROVIDED BY THE COPYRIGHT
                                 HOLDERS AND CONTRIBUTORS "AS IS"
   28                           ;* AND ANY EXPRESS OR IMPLIED WARRANTIES,
                                 INCLUDING, BUT NOT LIMITED TO, THE
   29                           ;* IMPLIED WARRANTIES OF MERCHANTABILITY AND
                                 FITNESS FOR A PARTICULAR PURPOSE ARE
   30                           ;* DISCLAIMED. IN NO EVENT SHALL THE COPYRIGHT
                                 HOLDER OR CONTRIBUTORS BE LIABLE
   31                           ;* FOR ANY DIRECT, INDIRECT, INCIDENTAL,
                                 SPECIAL, EXEMPLARY, OR CONSEQUENTIAL
   32                           ;* DAMAGES (INCLUDING, BUT NOT LIMITED TO,
                                 PROCUREMENT OF SUBSTITUTE GOODS OR
   33                           ;* SERVICES; LOSS OF USE, DATA, OR PROFITS; OR
                                 BUSINESS INTERRUPTION) HOWEVER
   34                           ;* CAUSED AND ON ANY THEORY OF LIABILITY,
                                 WHETHER IN CONTRACT, STRICT LIABILITY,
   35                           ;* OR TORT (INCLUDING NEGLIGENCE OR OTHERWISE)
                                 ARISING IN ANY WAY OUT OF THE USE
   36                           ;* OF THIS SOFTWARE, EVEN IF ADVISED OF THE
                                 POSSIBILITY OF SUCH DAMAGE.
   37                           ;* 
   38                           ;*********************************************
                                **********************************
   39                           ;
   40                           ;
   41                           ; The modules in this file are included in the
                                 libraries, and may be replaced
   42                           ; by any user-defined modules that define the
                                 PUBLIC symbol _program_start or
   43                           ; a user defined start symbol.
   44                           ; To override the cstartup defined in the
                                 library, simply add your modified
   45                           ; version to the workbench project.
   46                           ;
   47                           ; The vector table is normally located at
                                 address 0.
   48                           ; When debugging in RAM, it can be located in
                                 RAM, aligned to at least 2^6.
   49                           ; The name "__vector_table" has special
                                 meaning for C-SPY:
   50                           ; it is where the SP start value is found, and
                                 the NVIC vector
   51                           ; table register (VTOR) is initialized to this
                                 address if != 0.
   52                           ;
   53                           ; Cortex-M version
   54                           ;
   55                           
   56                                   MODULE  ?cstartup
   57                           
   58                                   ;; Forward declaration of sections.
   59                                   SECTION CSTACK:DATA:NOROOT(3)
   60                           
   61                                   SECTION .intvec:CODE:NOROOT(2)
   62                           
   63                                   EXTERN  __iar_program_start
   64                                   EXTERN  SystemInit
   65                                   PUBLIC  __vector_table
   66                           
   67                                   DATA
   68                           __vector_table
   69    00000000 ........              DCD     sfe(CSTACK)
   70    00000004 ........              DCD     Reset_Handler             ;
  Reset Handler
   71                           
   72    00000008 ........              DCD     NMI_Handler               ; NMI
  Handler
   73    0000000C ........              DCD     HardFault_Handler         ;
  Hard Fault Handler
   74    00000010 ........              DCD     MemManage_Handler         ; MPU
  Fault Handler
   75    00000014 ........              DCD     BusFault_Handler          ; Bus
  Fault Handler
   76    00000018 ........              DCD     UsageFault_Handler        ;
  Usage Fault Handler
   77    0000001C 00000000              DCD     0                         ;
  Reserved
   78    00000020 00000000              DCD     0                         ;
  Reserved
   79    00000024 00000000              DCD     0                         ;
  Reserved
   80    00000028 00000000              DCD     0                         ;
  Reserved
   81    0000002C ........              DCD     SVC_Handler               ;
  SVCall Handler
   82    00000030 ........              DCD     DebugMon_Handler          ;
  Debug Monitor Handler
   83    00000034 00000000              DCD     0                         ;
  Reserved
   84    00000038 ........              DCD     PendSV_Handler            ;
  PendSV Handler
   85    0000003C ........              DCD     SysTick_Handler           ;
  SysTick Handler
   86                           
   87                                    ; External Interrupts
   88    00000040 ........              DCD     WWDG_IRQHandler                
    ; Window WatchDog
   89    00000044 ........              DCD     PVD_IRQHandler                 
    ; PVD through EXTI Line detection
   90    00000048 ........              DCD     TAMP_STAMP_IRQHandler          
    ; Tamper and TimeStamps through the EXTI line
   91    0000004C ........              DCD     RTC_WKUP_IRQHandler            
    ; RTC Wakeup through the EXTI line
   92    00000050 ........              DCD     FLASH_IRQHandler               
    ; FLASH
   93    00000054 ........              DCD     RCC_IRQHandler                 
    ; RCC
   94    00000058 ........              DCD     EXTI0_IRQHandler               
    ; EXTI Line0
   95    0000005C ........              DCD     EXTI1_IRQHandler               
    ; EXTI Line1
   96    00000060 ........              DCD     EXTI2_IRQHandler               
    ; EXTI Line2
   97    00000064 ........              DCD     EXTI3_IRQHandler               
    ; EXTI Line3
   98    00000068 ........              DCD     EXTI4_IRQHandler               
    ; EXTI Line4
   99    0000006C ........              DCD     DMA1_Stream0_IRQHandler        
    ; DMA1 Stream 0
  100    00000070 ........              DCD     DMA1_Stream1_IRQHandler        
    ; DMA1 Stream 1
  101    00000074 ........              DCD     DMA1_Stream2_IRQHandler        
    ; DMA1 Stream 2
  102    00000078 ........              DCD     DMA1_Stream3_IRQHandler        
    ; DMA1 Stream 3
  103    0000007C ........              DCD     DMA1_Stream4_IRQHandler        
    ; DMA1 Stream 4
  104    00000080 ........              DCD     DMA1_Stream5_IRQHandler        
    ; DMA1 Stream 5
  105    00000084 ........              DCD     DMA1_Stream6_IRQHandler        
    ; DMA1 Stream 6
  106    00000088 ........              DCD     ADC_IRQHandler                 
    ; ADC1, ADC2 and ADC3s
  107    0000008C ........              DCD     CAN1_TX_IRQHandler             
    ; CAN1 TX
  108    00000090 ........              DCD     CAN1_RX0_IRQHandler            
    ; CAN1 RX0
  109    00000094 ........              DCD     CAN1_RX1_IRQHandler            
    ; CAN1 RX1
  110    00000098 ........              DCD     CAN1_SCE_IRQHandler            
    ; CAN1 SCE
  111    0000009C ........              DCD     EXTI9_5_IRQHandler             
    ; External Line[9:5]s
  112    000000A0 ........              DCD     TIM1_BRK_TIM9_IRQHandler       
    ; TIM1 Break and TIM9
  113    000000A4 ........              DCD     TIM1_UP_TIM10_IRQHandler       
    ; TIM1 Update and TIM10
  114    000000A8 ........              DCD     TIM1_TRG_COM_TIM11_IRQHandler  
    ; TIM1 Trigger and Commutation and TIM11
  115    000000AC ........              DCD     TIM1_CC_IRQHandler             
    ; TIM1 Capture Compare
  116    000000B0 ........              DCD     TIM2_IRQHandler                
    ; TIM2
  117    000000B4 ........              DCD     TIM3_IRQHandler                
    ; TIM3
  118    000000B8 ........              DCD     TIM4_IRQHandler                
    ; TIM4
  119    000000BC ........              DCD     I2C1_EV_IRQHandler             
    ; I2C1 Event
  120    000000C0 ........              DCD     I2C1_ER_IRQHandler             
    ; I2C1 Error
  121    000000C4 ........              DCD     I2C2_EV_IRQHandler             
    ; I2C2 Event
  122    000000C8 ........              DCD     I2C2_ER_IRQHandler             
    ; I2C2 Error
  123    000000CC ........              DCD     SPI1_IRQHandler                
    ; SPI1
  124    000000D0 ........              DCD     SPI2_IRQHandler                
    ; SPI2
  125    000000D4 ........              DCD     USART1_IRQHandler              
    ; USART1
  126    000000D8 ........              DCD     USART2_IRQHandler              
    ; USART2
  127    000000DC ........              DCD     USART3_IRQHandler              
    ; USART3
  128    000000E0 ........              DCD     EXTI15_10_IRQHandler           
    ; External Line[15:10]s
  129    000000E4 ........              DCD     RTC_Alarm_IRQHandler           
    ; RTC Alarm (A and B) through EXTI Line
  130    000000E8 ........              DCD     OTG_FS_WKUP_IRQHandler         
    ; USB OTG FS Wakeup through EXTI line
  131    000000EC ........              DCD     TIM8_BRK_TIM12_IRQHandler      
    ; TIM8 Break and TIM12
  132    000000F0 ........              DCD     TIM8_UP_TIM13_IRQHandler       
    ; TIM8 Update and TIM13
  133    000000F4 ........              DCD     TIM8_TRG_COM_TIM14_IRQHandler  
    ; TIM8 Trigger and Commutation and TIM14
  134    000000F8 ........              DCD     TIM8_CC_IRQHandler             
    ; TIM8 Capture Compare
  135    000000FC ........              DCD     DMA1_Stream7_IRQHandler        
    ; DMA1 Stream7
  136    00000100 ........              DCD     FMC_IRQHandler                 
    ; FMC
  137    00000104 ........              DCD     SDIO_IRQHandler                
    ; SDIO
  138    00000108 ........              DCD     TIM5_IRQHandler                
    ; TIM5
  139    0000010C ........              DCD     SPI3_IRQHandler                
    ; SPI3
  140    00000110 ........              DCD     UART4_IRQHandler               
    ; UART4
  141    00000114 ........              DCD     UART5_IRQHandler               
    ; UART5
  142    00000118 ........              DCD     TIM6_DAC_IRQHandler            
    ; TIM6 and DAC1&2 underrun errors
  143    0000011C ........              DCD     TIM7_IRQHandler                
    ; TIM7
  144    00000120 ........              DCD     DMA2_Stream0_IRQHandler        
    ; DMA2 Stream 0
  145    00000124 ........              DCD     DMA2_Stream1_IRQHandler        
    ; DMA2 Stream 1
  146    00000128 ........              DCD     DMA2_Stream2_IRQHandler        
    ; DMA2 Stream 2
  147    0000012C ........              DCD     DMA2_Stream3_IRQHandler        
    ; DMA2 Stream 3
  148    00000130 ........              DCD     DMA2_Stream4_IRQHandler        
    ; DMA2 Stream 4
  149    00000134 ........              DCD     ETH_IRQHandler                 
    ; Ethernet
  150    00000138 ........              DCD     ETH_WKUP_IRQHandler            
    ; Ethernet Wakeup through EXTI line
  151    0000013C ........              DCD     CAN2_TX_IRQHandler             
    ; CAN2 TX
  152    00000140 ........              DCD     CAN2_RX0_IRQHandler            
    ; CAN2 RX0
  153    00000144 ........              DCD     CAN2_RX1_IRQHandler            
    ; CAN2 RX1
  154    00000148 ........              DCD     CAN2_SCE_IRQHandler            
    ; CAN2 SCE
  155    0000014C ........              DCD     OTG_FS_IRQHandler              
    ; USB OTG FS
  156    00000150 ........              DCD     DMA2_Stream5_IRQHandler        
    ; DMA2 Stream 5
  157    00000154 ........              DCD     DMA2_Stream6_IRQHandler        
    ; DMA2 Stream 6
  158    00000158 ........              DCD     DMA2_Stream7_IRQHandler        
    ; DMA2 Stream 7
  159    0000015C ........              DCD     USART6_IRQHandler              
    ; USART6
  160    00000160 ........              DCD     I2C3_EV_IRQHandler             
    ; I2C3 event
  161    00000164 ........              DCD     I2C3_ER_IRQHandler             
    ; I2C3 error
  162    00000168 ........              DCD     OTG_HS_EP1_OUT_IRQHandler      
    ; USB OTG HS End Point 1 Out
  163    0000016C ........              DCD     OTG_HS_EP1_IN_IRQHandler       
    ; USB OTG HS End Point 1 In
  164    00000170 ........              DCD     OTG_HS_WKUP_IRQHandler         
    ; USB OTG HS Wakeup through EXTI
  165    00000174 ........              DCD     OTG_HS_IRQHandler              
    ; USB OTG HS
  166    00000178 ........              DCD     DCMI_IRQHandler                
    ; DCMI
  167    0000017C 00000000              DCD     0                              
    ; Reserved
  168    00000180 ........              DCD     HASH_RNG_IRQHandler            
    ; Hash and Rng
  169    00000184 ........              DCD     FPU_IRQHandler                 
    ; FPU
  170    00000188 ........              DCD     UART7_IRQHandler               
    ; UART7
  171    0000018C ........              DCD     UART8_IRQHandler               
    ; UART8
  172    00000190 ........              DCD     SPI4_IRQHandler                
    ; SPI4
  173    00000194 ........              DCD     SPI5_IRQHandler                
    ; SPI5
  174    00000198 ........              DCD     SPI6_IRQHandler                
    ; SPI6
  175    0000019C ........              DCD     SAI1_IRQHandler                
    ; SAI1
  176    000001A0 ........              DCD     LTDC_IRQHandler                
    ; LTDC
  177    000001A4 ........              DCD     LTDC_ER_IRQHandler             
    ; LTDC error
  178    000001A8 ........              DCD     DMA2D_IRQHandler               
    ; DMA2D
  179                           
  180                           ;;;;;;;;;;;;;;;;;;;;;;;;;;;;;;;;;;;;;;;;;;;;;;
                                ;;;;;;
  181                           ;;
  182                           ;; Default interrupt handlers.
  183                           ;;
  184                                   THUMB
  185                                   PUBWEAK Reset_Handler
  186                                   SECTION .text:CODE:REORDER:NOROOT(2)
  187                           Reset_Handler
  188                           
  189    00000000 0148                  LDR     R0, =SystemInit
  190    00000002 8047                  BLX     R0
  191    00000004 0148                  LDR     R0, =__iar_program_start
  192    00000006 0047                  BX      R0
  193                           
  194                                   PUBWEAK NMI_Handler
  194.1                                  TABLE
  194.2  00000008 ........              Reference on line 189
  194.3  0000000C ........              Reference on line 191
  195                                   SECTION .text:CODE:REORDER:NOROOT(1)
  196                           NMI_Handler
  197    00000000 ........              B NMI_Handler
  198                           
  199                                   PUBWEAK HardFault_Handler
  200                                   SECTION .text:CODE:REORDER:NOROOT(1)
  201                           HardFault_Handler
  202    00000000 ........              B HardFault_Handler
  203                           
  204                                   PUBWEAK MemManage_Handler
  205                                   SECTION .text:CODE:REORDER:NOROOT(1)
  206                           MemManage_Handler
  207    00000000 ........              B MemManage_Handler
  208                           
  209                                   PUBWEAK BusFault_Handler
  210                                   SECTION .text:CODE:REORDER:NOROOT(1)
  211                           BusFault_Handler
  212    00000000 ........              B BusFault_Handler
  213                           
  214                                   PUBWEAK UsageFault_Handler
  215                                   SECTION .text:CODE:REORDER:NOROOT(1)
  216                           UsageFault_Handler
  217    00000000 ........              B UsageFault_Handler
  218                           
  219                                   PUBWEAK SVC_Handler
  220                                   SECTION .text:CODE:REORDER:NOROOT(1)
  221                           SVC_Handler
  222    00000000 ........              B SVC_Handler
  223                           
  224                                   PUBWEAK DebugMon_Handler
  225                                   SECTION .text:CODE:REORDER:NOROOT(1)
  226                           DebugMon_Handler
  227    00000000 ........              B DebugMon_Handler
  228                           
  229                                   PUBWEAK PendSV_Handler
  230                                   SECTION .text:CODE:REORDER:NOROOT(1)
  231                           PendSV_Handler
  232    00000000 ........              B PendSV_Handler
  233                           
  234                                   PUBWEAK SysTick_Handler
  235                                   SECTION .text:CODE:REORDER:NOROOT(1)
  236                           SysTick_Handler
  237    00000000 ........              B SysTick_Handler
  238                           
  239                                   PUBWEAK WWDG_IRQHandler
  240                                   SECTION .text:CODE:REORDER:NOROOT(1)
  241                           WWDG_IRQHandler  
  242    00000000 ........              B WWDG_IRQHandler
  243                           
  244                                   PUBWEAK PVD_IRQHandler
  245                                   SECTION .text:CODE:REORDER:NOROOT(1)
  246                           PVD_IRQHandler  
  247    00000000 ........              B PVD_IRQHandler
  248                           
  249                                   PUBWEAK TAMP_STAMP_IRQHandler
  250                                   SECTION .text:CODE:REORDER:NOROOT(1)
  251                           TAMP_STAMP_IRQHandler  
  252    00000000 ........              B TAMP_STAMP_IRQHandler
  253                           
  254                                   PUBWEAK RTC_WKUP_IRQHandler
  255                                   SECTION .text:CODE:REORDER:NOROOT(1)
  256                           RTC_WKUP_IRQHandler  
  257    00000000 ........              B RTC_WKUP_IRQHandler
  258                           
  259                                   PUBWEAK FLASH_IRQHandler
  260                                   SECTION .text:CODE:REORDER:NOROOT(1)
  261                           FLASH_IRQHandler  
  262    00000000 ........              B FLASH_IRQHandler
  263                           
  264                                   PUBWEAK RCC_IRQHandler
  265                                   SECTION .text:CODE:REORDER:NOROOT(1)
  266                           RCC_IRQHandler  
  267    00000000 ........              B RCC_IRQHandler
  268                           
  269                                   PUBWEAK EXTI0_IRQHandler
  270                                   SECTION .text:CODE:REORDER:NOROOT(1)
  271                           EXTI0_IRQHandler  
  272    00000000 ........              B EXTI0_IRQHandler
  273                           
  274                                   PUBWEAK EXTI1_IRQHandler
  275                                   SECTION .text:CODE:REORDER:NOROOT(1)
  276                           EXTI1_IRQHandler  
  277    00000000 ........              B EXTI1_IRQHandler
  278                           
  279                                   PUBWEAK EXTI2_IRQHandler
  280                                   SECTION .text:CODE:REORDER:NOROOT(1)
  281                           EXTI2_IRQHandler  
  282    00000000 ........              B EXTI2_IRQHandler
  283                           
  284                                   PUBWEAK EXTI3_IRQHandler
  285                                   SECTION .text:CODE:REORDER:NOROOT(1)
  286                           EXTI3_IRQHandler
  287    00000000 ........              B EXTI3_IRQHandler
  288                           
  289                                   PUBWEAK EXTI4_IRQHandler
  290                                   SECTION .text:CODE:REORDER:NOROOT(1)
  291                           EXTI4_IRQHandler  
  292    00000000 ........              B EXTI4_IRQHandler
  293                           
  294                                   PUBWEAK DMA1_Stream0_IRQHandler
  295                                   SECTION .text:CODE:REORDER:NOROOT(1)
  296                           DMA1_Stream0_IRQHandler  
  297    00000000 ........              B DMA1_Stream0_IRQHandler
  298                           
  299                                   PUBWEAK DMA1_Stream1_IRQHandler
  300                                   SECTION .text:CODE:REORDER:NOROOT(1)
  301                           DMA1_Stream1_IRQHandler  
  302    00000000 ........              B DMA1_Stream1_IRQHandler
  303                           
  304                                   PUBWEAK DMA1_Stream2_IRQHandler
  305                                   SECTION .text:CODE:REORDER:NOROOT(1)
  306                           DMA1_Stream2_IRQHandler  
  307    00000000 ........              B DMA1_Stream2_IRQHandler
  308                           
  309                                   PUBWEAK DMA1_Stream3_IRQHandler
  310                                   SECTION .text:CODE:REORDER:NOROOT(1)
  311                           DMA1_Stream3_IRQHandler  
  312    00000000 ........              B DMA1_Stream3_IRQHandler
  313                           
  314                                   PUBWEAK DMA1_Stream4_IRQHandler
  315                                   SECTION .text:CODE:REORDER:NOROOT(1)
  316                           DMA1_Stream4_IRQHandler  
  317    00000000 ........              B DMA1_Stream4_IRQHandler
  318                           
  319                                   PUBWEAK DMA1_Stream5_IRQHandler
  320                                   SECTION .text:CODE:REORDER:NOROOT(1)
  321                           DMA1_Stream5_IRQHandler  
  322    00000000 ........              B DMA1_Stream5_IRQHandler
  323                           
  324                                   PUBWEAK DMA1_Stream6_IRQHandler
  325                                   SECTION .text:CODE:REORDER:NOROOT(1)
  326                           DMA1_Stream6_IRQHandler  
  327    00000000 ........              B DMA1_Stream6_IRQHandler
  328                           
  329                                   PUBWEAK ADC_IRQHandler
  330                                   SECTION .text:CODE:REORDER:NOROOT(1)
  331                           ADC_IRQHandler  
  332    00000000 ........              B ADC_IRQHandler
  333                           
  334                                   PUBWEAK CAN1_TX_IRQHandler
  335                                   SECTION .text:CODE:REORDER:NOROOT(1)
  336                           CAN1_TX_IRQHandler  
  337    00000000 ........              B CAN1_TX_IRQHandler
  338                           
  339                                   PUBWEAK CAN1_RX0_IRQHandler
  340                                   SECTION .text:CODE:REORDER:NOROOT(1)
  341                           CAN1_RX0_IRQHandler  
  342    00000000 ........              B CAN1_RX0_IRQHandler
  343                           
  344                                   PUBWEAK CAN1_RX1_IRQHandler
  345                                   SECTION .text:CODE:REORDER:NOROOT(1)
  346                           CAN1_RX1_IRQHandler  
  347    00000000 ........              B CAN1_RX1_IRQHandler
  348                           
  349                                   PUBWEAK CAN1_SCE_IRQHandler
  350                                   SECTION .text:CODE:REORDER:NOROOT(1)
  351                           CAN1_SCE_IRQHandler  
  352    00000000 ........              B CAN1_SCE_IRQHandler
  353                           
  354                                   PUBWEAK EXTI9_5_IRQHandler
  355                                   SECTION .text:CODE:REORDER:NOROOT(1)
  356                           EXTI9_5_IRQHandler  
  357    00000000 ........              B EXTI9_5_IRQHandler
  358                           
  359                                   PUBWEAK TIM1_BRK_TIM9_IRQHandler
  360                                   SECTION .text:CODE:REORDER:NOROOT(1)
  361                           TIM1_BRK_TIM9_IRQHandler  
  362    00000000 ........              B TIM1_BRK_TIM9_IRQHandler
  363                           
  364                                   PUBWEAK TIM1_UP_TIM10_IRQHandler
  365                                   SECTION .text:CODE:REORDER:NOROOT(1)
  366                           TIM1_UP_TIM10_IRQHandler  
  367    00000000 ........              B TIM1_UP_TIM10_IRQHandler
  368                           
  369                                   PUBWEAK TIM1_TRG_COM_TIM11_IRQHandler
  370                                   SECTION .text:CODE:REORDER:NOROOT(1)
  371                           TIM1_TRG_COM_TIM11_IRQHandler  
  372    00000000 ........              B TIM1_TRG_COM_TIM11_IRQHandler
  373                                   
  374                                   PUBWEAK TIM1_CC_IRQHandler
  375                                   SECTION .text:CODE:REORDER:NOROOT(1)
  376                           TIM1_CC_IRQHandler  
  377    00000000 ........              B TIM1_CC_IRQHandler
  378                           
  379                                   PUBWEAK TIM2_IRQHandler
  380                                   SECTION .text:CODE:REORDER:NOROOT(1)
  381                           TIM2_IRQHandler  
  382    00000000 ........              B TIM2_IRQHandler
  383                           
  384                                   PUBWEAK TIM3_IRQHandler
  385                                   SECTION .text:CODE:REORDER:NOROOT(1)
  386                           TIM3_IRQHandler  
  387    00000000 ........              B TIM3_IRQHandler
  388                           
  389                                   PUBWEAK TIM4_IRQHandler
  390                                   SECTION .text:CODE:REORDER:NOROOT(1)
  391                           TIM4_IRQHandler  
  392    00000000 ........              B TIM4_IRQHandler
  393                           
  394                                   PUBWEAK I2C1_EV_IRQHandler
  395                                   SECTION .text:CODE:REORDER:NOROOT(1)
  396                           I2C1_EV_IRQHandler  
  397    00000000 ........              B I2C1_EV_IRQHandler
  398                           
  399                                   PUBWEAK I2C1_ER_IRQHandler
  400                                   SECTION .text:CODE:REORDER:NOROOT(1)
  401                           I2C1_ER_IRQHandler  
  402    00000000 ........              B I2C1_ER_IRQHandler
  403                           
  404                                   PUBWEAK I2C2_EV_IRQHandler
  405                                   SECTION .text:CODE:REORDER:NOROOT(1)
  406                           I2C2_EV_IRQHandler  
  407    00000000 ........              B I2C2_EV_IRQHandler
  408                           
  409                                   PUBWEAK I2C2_ER_IRQHandler
  410                                   SECTION .text:CODE:REORDER:NOROOT(1)
  411                           I2C2_ER_IRQHandler  
  412    00000000 ........              B I2C2_ER_IRQHandler
  413                           
  414                                   PUBWEAK SPI1_IRQHandler
  415                                   SECTION .text:CODE:REORDER:NOROOT(1)
  416                           SPI1_IRQHandler  
  417    00000000 ........              B SPI1_IRQHandler
  418                           
  419                                   PUBWEAK SPI2_IRQHandler
  420                                   SECTION .text:CODE:REORDER:NOROOT(1)
  421                           SPI2_IRQHandler  
  422    00000000 ........              B SPI2_IRQHandler
  423                           
  424                                   PUBWEAK USART1_IRQHandler
  425                                   SECTION .text:CODE:REORDER:NOROOT(1)
  426                           USART1_IRQHandler  
  427    00000000 ........              B USART1_IRQHandler
  428                           
  429                                   PUBWEAK USART2_IRQHandler
  430                                   SECTION .text:CODE:REORDER:NOROOT(1)
  431                           USART2_IRQHandler  
  432    00000000 ........              B USART2_IRQHandler
  433                           
  434                                   PUBWEAK USART3_IRQHandler
  435                                   SECTION .text:CODE:REORDER:NOROOT(1)
  436                           USART3_IRQHandler  
  437    00000000 ........              B USART3_IRQHandler
  438                           
  439                                   PUBWEAK EXTI15_10_IRQHandler
  440                                   SECTION .text:CODE:REORDER:NOROOT(1)
  441                           EXTI15_10_IRQHandler  
  442    00000000 ........              B EXTI15_10_IRQHandler
  443                           
  444                                   PUBWEAK RTC_Alarm_IRQHandler
  445                                   SECTION .text:CODE:REORDER:NOROOT(1)
  446                           RTC_Alarm_IRQHandler  
  447    00000000 ........              B RTC_Alarm_IRQHandler
  448                           
  449                                   PUBWEAK OTG_FS_WKUP_IRQHandler
  450                                   SECTION .text:CODE:REORDER:NOROOT(1)
  451                           OTG_FS_WKUP_IRQHandler  
  452    00000000 ........              B OTG_FS_WKUP_IRQHandler
  453                                 
  454                                   PUBWEAK TIM8_BRK_TIM12_IRQHandler
  455                                   SECTION .text:CODE:REORDER:NOROOT(1)
  456                           TIM8_BRK_TIM12_IRQHandler  
  457    00000000 ........              B TIM8_BRK_TIM12_IRQHandler
  458                           
  459                                   PUBWEAK TIM8_UP_TIM13_IRQHandler
  460                                   SECTION .text:CODE:REORDER:NOROOT(1)
  461                           TIM8_UP_TIM13_IRQHandler  
  462    00000000 ........              B TIM8_UP_TIM13_IRQHandler
  463                           
  464                                   PUBWEAK TIM8_TRG_COM_TIM14_IRQHandler
  465                                   SECTION .text:CODE:REORDER:NOROOT(1)
  466                           TIM8_TRG_COM_TIM14_IRQHandler  
  467    00000000 ........              B TIM8_TRG_COM_TIM14_IRQHandler
  468                           
  469                                   PUBWEAK TIM8_CC_IRQHandler
  470                                   SECTION .text:CODE:REORDER:NOROOT(1)
  471                           TIM8_CC_IRQHandler  
  472    00000000 ........              B TIM8_CC_IRQHandler
  473                           
  474                                   PUBWEAK DMA1_Stream7_IRQHandler
  475                                   SECTION .text:CODE:REORDER:NOROOT(1)
  476                           DMA1_Stream7_IRQHandler  
  477    00000000 ........              B DMA1_Stream7_IRQHandler
  478                           
  479                                   PUBWEAK FMC_IRQHandler
  480                                   SECTION .text:CODE:REORDER:NOROOT(1)
  481                           FMC_IRQHandler  
  482    00000000 ........              B FMC_IRQHandler
  483                           
  484                                   PUBWEAK SDIO_IRQHandler
  485                                   SECTION .text:CODE:REORDER:NOROOT(1)
  486                           SDIO_IRQHandler  
  487    00000000 ........              B SDIO_IRQHandler
  488                           
  489                                   PUBWEAK TIM5_IRQHandler
  490                                   SECTION .text:CODE:REORDER:NOROOT(1)
  491                           TIM5_IRQHandler  
  492    00000000 ........              B TIM5_IRQHandler
  493                           
  494                                   PUBWEAK SPI3_IRQHandler
  495                                   SECTION .text:CODE:REORDER:NOROOT(1)
  496                           SPI3_IRQHandler  
  497    00000000 ........              B SPI3_IRQHandler
  498                           
  499                                   PUBWEAK UART4_IRQHandler
  500                                   SECTION .text:CODE:REORDER:NOROOT(1)
  501                           UART4_IRQHandler  
  502    00000000 ........              B UART4_IRQHandler
  503                           
  504                                   PUBWEAK UART5_IRQHandler
  505                                   SECTION .text:CODE:REORDER:NOROOT(1)
  506                           UART5_IRQHandler  
  507    00000000 ........              B UART5_IRQHandler
  508                           
  509                                   PUBWEAK TIM6_DAC_IRQHandler
  510                                   SECTION .text:CODE:REORDER:NOROOT(1)
  511                           TIM6_DAC_IRQHandler  
  512    00000000 ........              B TIM6_DAC_IRQHandler
  513                           
  514                                   PUBWEAK TIM7_IRQHandler
  515                                   SECTION .text:CODE:REORDER:NOROOT(1)
  516                           TIM7_IRQHandler  
  517    00000000 ........              B TIM7_IRQHandler
  518                           
  519                                   PUBWEAK DMA2_Stream0_IRQHandler
  520                                   SECTION .text:CODE:REORDER:NOROOT(1)
  521                           DMA2_Stream0_IRQHandler  
  522    00000000 ........              B DMA2_Stream0_IRQHandler
  523                           
  524                                   PUBWEAK DMA2_Stream1_IRQHandler
  525                                   SECTION .text:CODE:REORDER:NOROOT(1)
  526                           DMA2_Stream1_IRQHandler  
  527    00000000 ........              B DMA2_Stream1_IRQHandler
  528                           
  529                                   PUBWEAK DMA2_Stream2_IRQHandler
  530                                   SECTION .text:CODE:REORDER:NOROOT(1)
  531                           DMA2_Stream2_IRQHandler  
  532    00000000 ........              B DMA2_Stream2_IRQHandler
  533                           
  534                                   PUBWEAK DMA2_Stream3_IRQHandler
  535                                   SECTION .text:CODE:REORDER:NOROOT(1)
  536                           DMA2_Stream3_IRQHandler  
  537    00000000 ........              B DMA2_Stream3_IRQHandler
  538                           
  539                                   PUBWEAK DMA2_Stream4_IRQHandler
  540                                   SECTION .text:CODE:REORDER:NOROOT(1)
  541                           DMA2_Stream4_IRQHandler  
  542    00000000 ........              B DMA2_Stream4_IRQHandler
  543                           
  544                                   PUBWEAK ETH_IRQHandler
  545                                   SECTION .text:CODE:REORDER:NOROOT(1)
  546                           ETH_IRQHandler  
  547    00000000 ........              B ETH_IRQHandler
  548                           
  549                                   PUBWEAK ETH_WKUP_IRQHandler
  550                                   SECTION .text:CODE:REORDER:NOROOT(1)
  551                           ETH_WKUP_IRQHandler  
  552    00000000 ........              B ETH_WKUP_IRQHandler
  553                           
  554                                   PUBWEAK CAN2_TX_IRQHandler
  555                                   SECTION .text:CODE:REORDER:NOROOT(1)
  556                           CAN2_TX_IRQHandler  
  557    00000000 ........              B CAN2_TX_IRQHandler
  558                           
  559                                   PUBWEAK CAN2_RX0_IRQHandler
  560                                   SECTION .text:CODE:REORDER:NOROOT(1)
  561                           CAN2_RX0_IRQHandler  
  562    00000000 ........              B CAN2_RX0_IRQHandler
  563                           
  564                                   PUBWEAK CAN2_RX1_IRQHandler
  565                                   SECTION .text:CODE:REORDER:NOROOT(1)
  566                           CAN2_RX1_IRQHandler  
  567    00000000 ........              B CAN2_RX1_IRQHandler
  568                           
  569                                   PUBWEAK CAN2_SCE_IRQHandler
  570                                   SECTION .text:CODE:REORDER:NOROOT(1)
  571                           CAN2_SCE_IRQHandler  
  572    00000000 ........              B CAN2_SCE_IRQHandler
  573                           
  574                                   PUBWEAK OTG_FS_IRQHandler
  575                                   SECTION .text:CODE:REORDER:NOROOT(1)
  576                           OTG_FS_IRQHandler  
  577    00000000 ........              B OTG_FS_IRQHandler
  578                           
  579                                   PUBWEAK DMA2_Stream5_IRQHandler
  580                                   SECTION .text:CODE:REORDER:NOROOT(1)
  581                           DMA2_Stream5_IRQHandler  
  582    00000000 ........              B DMA2_Stream5_IRQHandler
  583                           
  584                                   PUBWEAK DMA2_Stream6_IRQHandler
  585                                   SECTION .text:CODE:REORDER:NOROOT(1)
  586                           DMA2_Stream6_IRQHandler  
  587    00000000 ........              B DMA2_Stream6_IRQHandler
  588                           
  589                                   PUBWEAK DMA2_Stream7_IRQHandler
  590                                   SECTION .text:CODE:REORDER:NOROOT(1)
  591                           DMA2_Stream7_IRQHandler  
  592    00000000 ........              B DMA2_Stream7_IRQHandler
  593                           
  594                                   PUBWEAK USART6_IRQHandler
  595                                   SECTION .text:CODE:REORDER:NOROOT(1)
  596                           USART6_IRQHandler  
  597    00000000 ........              B USART6_IRQHandler
  598                           
  599                                   PUBWEAK I2C3_EV_IRQHandler
  600                                   SECTION .text:CODE:REORDER:NOROOT(1)
  601                           I2C3_EV_IRQHandler  
  602    00000000 ........              B I2C3_EV_IRQHandler
  603                           
  604                                   PUBWEAK I2C3_ER_IRQHandler
  605                                   SECTION .text:CODE:REORDER:NOROOT(1)
  606                           I2C3_ER_IRQHandler  
  607    00000000 ........              B I2C3_ER_IRQHandler
  608                           
  609                                   PUBWEAK OTG_HS_EP1_OUT_IRQHandler
  610                                   SECTION .text:CODE:REORDER:NOROOT(1)
  611                           OTG_HS_EP1_OUT_IRQHandler  
  612    00000000 ........              B OTG_HS_EP1_OUT_IRQHandler
  613                           
  614                                   PUBWEAK OTG_HS_EP1_IN_IRQHandler
  615                                   SECTION .text:CODE:REORDER:NOROOT(1)
  616                           OTG_HS_EP1_IN_IRQHandler  
  617    00000000 ........              B OTG_HS_EP1_IN_IRQHandler
  618                           
  619                                   PUBWEAK OTG_HS_WKUP_IRQHandler
  620                                   SECTION .text:CODE:REORDER:NOROOT(1)
  621                           OTG_HS_WKUP_IRQHandler  
  622    00000000 ........              B OTG_HS_WKUP_IRQHandler
  623                           
  624                                   PUBWEAK OTG_HS_IRQHandler
  625                                   SECTION .text:CODE:REORDER:NOROOT(1)
  626                           OTG_HS_IRQHandler  
  627    00000000 ........              B OTG_HS_IRQHandler
  628                           
  629                                   PUBWEAK DCMI_IRQHandler
  630                                   SECTION .text:CODE:REORDER:NOROOT(1)
  631                           DCMI_IRQHandler  
  632    00000000 ........              B DCMI_IRQHandler
  633                           
  634                                   PUBWEAK HASH_RNG_IRQHandler
  635                                   SECTION .text:CODE:REORDER:NOROOT(1)
  636                           HASH_RNG_IRQHandler  
  637    00000000 ........              B HASH_RNG_IRQHandler
  638                           
  639                                   PUBWEAK FPU_IRQHandler
  640                                   SECTION .text:CODE:REORDER:NOROOT(1)
  641                           FPU_IRQHandler  
  642    00000000 ........              B FPU_IRQHandler
  643                           
  644                                   PUBWEAK UART7_IRQHandler
  645                                   SECTION .text:CODE:REORDER:NOROOT(1)
                                 
  646                           UART7_IRQHandler 
  647    00000000 ........              B UART7_IRQHandler  
  648                           
  649                                   PUBWEAK UART8_IRQHandler
  650                                   SECTION .text:CODE:REORDER:NOROOT(1)
  651                           UART8_IRQHandler             
  652    00000000 ........              B UART8_IRQHandler
  653                           
  654                                   PUBWEAK SPI4_IRQHandler
  655                                   SECTION .text:CODE:REORDER:NOROOT(1)
  656                           SPI4_IRQHandler
  657    00000000 ........              B SPI4_IRQHandler
  658                           
  659                                   PUBWEAK SPI5_IRQHandler
  660                                   SECTION .text:CODE:REORDER:NOROOT(1)
  661                           SPI5_IRQHandler   
  662    00000000 ........              B SPI5_IRQHandler
  663                           
  664                                   PUBWEAK SPI6_IRQHandler
  665                                   SECTION .text:CODE:REORDER:NOROOT(1)
  666                           SPI6_IRQHandler 
  667    00000000 ........              B SPI6_IRQHandler
  668                           
  669                                   PUBWEAK SAI1_IRQHandler
  670                                   SECTION .text:CODE:REORDER:NOROOT(1)
  671                           SAI1_IRQHandler  
  672    00000000 ........              B SAI1_IRQHandler
  673                           
  674                                   PUBWEAK LTDC_IRQHandler
  675                                   SECTION .text:CODE:REORDER:NOROOT(1)
  676                           LTDC_IRQHandler 
  677    00000000 ........              B LTDC_IRQHandler
  678                           
  679                                   PUBWEAK LTDC_ER_IRQHandler
  680                                   SECTION .text:CODE:REORDER:NOROOT(1)
  681                           LTDC_ER_IRQHandler 
  682    00000000 ........              B LTDC_ER_IRQHandler
  683                           
  684                                   PUBWEAK DMA2D_IRQHandler
  685                                   SECTION .text:CODE:REORDER:NOROOT(1)
  686                           DMA2D_IRQHandler 
  687    00000000 ........              B DMA2D_IRQHandler
  688                           
  689                           
  690                                   END



Segment             Type 	Mode
----------------------------------------
.intvec             CODE  	REL 
.text               CODE  	REL 
CSTACK              DATA  	REL 

Label               Mode   Type                   Segment    Value/Offset
------------------------------------------------------------------------------
ADC_IRQHandler      REL    CONST EXT [030] UNTYP. .intvec    Solved Extern 
BusFault_Handler    REL    CONST EXT [006] UNTYP. .intvec    Solved Extern 
CAN1_RX0_IRQHandler REL    CONST EXT [032] UNTYP. .intvec    Solved Extern 
CAN1_RX1_IRQHandler REL    CONST EXT [033] UNTYP. .intvec    Solved Extern 
CAN1_SCE_IRQHandler REL    CONST EXT [034] UNTYP. .intvec    Solved Extern 
CAN1_TX_IRQHandler  REL    CONST EXT [031] UNTYP. .intvec    Solved Extern 
CAN2_RX0_IRQHandler REL    CONST EXT [076] UNTYP. .intvec    Solved Extern 
CAN2_RX1_IRQHandler REL    CONST EXT [077] UNTYP. .intvec    Solved Extern 
CAN2_SCE_IRQHandler REL    CONST EXT [078] UNTYP. .intvec    Solved Extern 
CAN2_TX_IRQHandler  REL    CONST EXT [075] UNTYP. .intvec    Solved Extern 
DCMI_IRQHandler     REL    CONST EXT [090] UNTYP. .intvec    Solved Extern 
DMA1_Stream0_IRQHandlerREL    CONST EXT [023] UNTYP. .intvec    Solved Extern 
DMA1_Stream1_IRQHandlerREL    CONST EXT [024] UNTYP. .intvec    Solved Extern 
DMA1_Stream2_IRQHandlerREL    CONST EXT [025] UNTYP. .intvec    Solved Extern 
DMA1_Stream3_IRQHandlerREL    CONST EXT [026] UNTYP. .intvec    Solved Extern 
DMA1_Stream4_IRQHandlerREL    CONST EXT [027] UNTYP. .intvec    Solved Extern 
DMA1_Stream5_IRQHandlerREL    CONST EXT [028] UNTYP. .intvec    Solved Extern 
DMA1_Stream6_IRQHandlerREL    CONST EXT [029] UNTYP. .intvec    Solved Extern 
DMA1_Stream7_IRQHandlerREL    CONST EXT [059] UNTYP. .intvec    Solved Extern 
DMA2D_IRQHandler    REL    CONST EXT [101] UNTYP. .intvec    Solved Extern 
DMA2_Stream0_IRQHandlerREL    CONST EXT [068] UNTYP. .intvec    Solved Extern 
DMA2_Stream1_IRQHandlerREL    CONST EXT [069] UNTYP. .intvec    Solved Extern 
DMA2_Stream2_IRQHandlerREL    CONST EXT [070] UNTYP. .intvec    Solved Extern 
DMA2_Stream3_IRQHandlerREL    CONST EXT [071] UNTYP. .intvec    Solved Extern 
DMA2_Stream4_IRQHandlerREL    CONST EXT [072] UNTYP. .intvec    Solved Extern 
DMA2_Stream5_IRQHandlerREL    CONST EXT [080] UNTYP. .intvec    Solved Extern 
DMA2_Stream6_IRQHandlerREL    CONST EXT [081] UNTYP. .intvec    Solved Extern 
DMA2_Stream7_IRQHandlerREL    CONST EXT [082] UNTYP. .intvec    Solved Extern 
DebugMon_Handler    REL    CONST EXT [009] UNTYP. .intvec    Solved Extern 
ETH_IRQHandler      REL    CONST EXT [073] UNTYP. .intvec    Solved Extern 
ETH_WKUP_IRQHandler REL    CONST EXT [074] UNTYP. .intvec    Solved Extern 
EXTI0_IRQHandler    REL    CONST EXT [018] UNTYP. .intvec    Solved Extern 
EXTI15_10_IRQHandlerREL    CONST EXT [052] UNTYP. .intvec    Solved Extern 
EXTI1_IRQHandler    REL    CONST EXT [019] UNTYP. .intvec    Solved Extern 
EXTI2_IRQHandler    REL    CONST EXT [020] UNTYP. .intvec    Solved Extern 
EXTI3_IRQHandler    REL    CONST EXT [021] UNTYP. .intvec    Solved Extern 
EXTI4_IRQHandler    REL    CONST EXT [022] UNTYP. .intvec    Solved Extern 
EXTI9_5_IRQHandler  REL    CONST EXT [035] UNTYP. .intvec    Solved Extern 
FLASH_IRQHandler    REL    CONST EXT [016] UNTYP. .intvec    Solved Extern 
FMC_IRQHandler      REL    CONST EXT [060] UNTYP. .intvec    Solved Extern 
FPU_IRQHandler      REL    CONST EXT [092] UNTYP. .intvec    Solved Extern 
HASH_RNG_IRQHandler REL    CONST EXT [091] UNTYP. .intvec    Solved Extern 
HardFault_Handler   REL    CONST EXT [004] UNTYP. .intvec    Solved Extern 
I2C1_ER_IRQHandler  REL    CONST EXT [044] UNTYP. .intvec    Solved Extern 
I2C1_EV_IRQHandler  REL    CONST EXT [043] UNTYP. .intvec    Solved Extern 
I2C2_ER_IRQHandler  REL    CONST EXT [046] UNTYP. .intvec    Solved Extern 
I2C2_EV_IRQHandler  REL    CONST EXT [045] UNTYP. .intvec    Solved Extern 
I2C3_ER_IRQHandler  REL    CONST EXT [085] UNTYP. .intvec    Solved Extern 
I2C3_EV_IRQHandler  REL    CONST EXT [084] UNTYP. .intvec    Solved Extern 
LTDC_ER_IRQHandler  REL    CONST EXT [100] UNTYP. .intvec    Solved Extern 
LTDC_IRQHandler     REL    CONST EXT [099] UNTYP. .intvec    Solved Extern 
MemManage_Handler   REL    CONST EXT [005] UNTYP. .intvec    Solved Extern 
NMI_Handler         REL    CONST EXT [003] UNTYP. .intvec    Solved Extern 
OTG_FS_IRQHandler   REL    CONST EXT [079] UNTYP. .intvec    Solved Extern 
OTG_FS_WKUP_IRQHandlerREL    CONST EXT [054] UNTYP. .intvec    Solved Extern 
OTG_HS_EP1_IN_IRQHandlerREL    CONST EXT [087] UNTYP. .intvec    Solved Extern 
OTG_HS_EP1_OUT_IRQHandlerREL    CONST EXT [086] UNTYP. .intvec    Solved Extern 
OTG_HS_IRQHandler   REL    CONST EXT [089] UNTYP. .intvec    Solved Extern 
OTG_HS_WKUP_IRQHandlerREL    CONST EXT [088] UNTYP. .intvec    Solved Extern 
PVD_IRQHandler      REL    CONST EXT [013] UNTYP. .intvec    Solved Extern 
PendSV_Handler      REL    CONST EXT [010] UNTYP. .intvec    Solved Extern 
RCC_IRQHandler      REL    CONST EXT [017] UNTYP. .intvec    Solved Extern 
RTC_Alarm_IRQHandlerREL    CONST EXT [053] UNTYP. .intvec    Solved Extern 
RTC_WKUP_IRQHandler REL    CONST EXT [015] UNTYP. .intvec    Solved Extern 
Reset_Handler       REL    CONST EXT [002] UNTYP. .intvec    Solved Extern 
SAI1_IRQHandler     REL    CONST EXT [098] UNTYP. .intvec    Solved Extern 
SDIO_IRQHandler     REL    CONST EXT [061] UNTYP. .intvec    Solved Extern 
SPI1_IRQHandler     REL    CONST EXT [047] UNTYP. .intvec    Solved Extern 
SPI2_IRQHandler     REL    CONST EXT [048] UNTYP. .intvec    Solved Extern 
SPI3_IRQHandler     REL    CONST EXT [063] UNTYP. .intvec    Solved Extern 
SPI4_IRQHandler     REL    CONST EXT [095] UNTYP. .intvec    Solved Extern 
SPI5_IRQHandler     REL    CONST EXT [096] UNTYP. .intvec    Solved Extern 
SPI6_IRQHandler     REL    CONST EXT [097] UNTYP. .intvec    Solved Extern 
SVC_Handler         REL    CONST EXT [008] UNTYP. .intvec    Solved Extern 
SysTick_Handler     REL    CONST EXT [011] UNTYP. .intvec    Solved Extern 
SystemInit          ABS    CONST EXT [001] UNTYP. __EXTERNS  Solved Extern 
TAMP_STAMP_IRQHandlerREL    CONST EXT [014] UNTYP. .intvec    Solved Extern 
TIM1_BRK_TIM9_IRQHandlerREL    CONST EXT [036] UNTYP. .intvec    Solved Extern 
TIM1_CC_IRQHandler  REL    CONST EXT [039] UNTYP. .intvec    Solved Extern 
TIM1_TRG_COM_TIM11_IRQHandlerREL    CONST EXT [038] UNTYP. .intvec    Solved Extern 
TIM1_UP_TIM10_IRQHandlerREL    CONST EXT [037] UNTYP. .intvec    Solved Extern 
TIM2_IRQHandler     REL    CONST EXT [040] UNTYP. .intvec    Solved Extern 
TIM3_IRQHandler     REL    CONST EXT [041] UNTYP. .intvec    Solved Extern 
TIM4_IRQHandler     REL    CONST EXT [042] UNTYP. .intvec    Solved Extern 
TIM5_IRQHandler     REL    CONST EXT [062] UNTYP. .intvec    Solved Extern 
TIM6_DAC_IRQHandler REL    CONST EXT [066] UNTYP. .intvec    Solved Extern 
TIM7_IRQHandler     REL    CONST EXT [067] UNTYP. .intvec    Solved Extern 
TIM8_BRK_TIM12_IRQHandlerREL    CONST EXT [055] UNTYP. .intvec    Solved Extern 
TIM8_CC_IRQHandler  REL    CONST EXT [058] UNTYP. .intvec    Solved Extern 
TIM8_TRG_COM_TIM14_IRQHandlerREL    CONST EXT [057] UNTYP. .intvec    Solved Extern 
TIM8_UP_TIM13_IRQHandlerREL    CONST EXT [056] UNTYP. .intvec    Solved Extern 
UART4_IRQHandler    REL    CONST EXT [064] UNTYP. .intvec    Solved Extern 
UART5_IRQHandler    REL    CONST EXT [065] UNTYP. .intvec    Solved Extern 
UART7_IRQHandler    REL    CONST EXT [093] UNTYP. .intvec    Solved Extern 
UART8_IRQHandler    REL    CONST EXT [094] UNTYP. .intvec    Solved Extern 
USART1_IRQHandler   REL    CONST EXT [049] UNTYP. .intvec    Solved Extern 
USART2_IRQHandler   REL    CONST EXT [050] UNTYP. .intvec    Solved Extern 
USART3_IRQHandler   REL    CONST EXT [051] UNTYP. .intvec    Solved Extern 
USART6_IRQHandler   REL    CONST EXT [083] UNTYP. .intvec    Solved Extern 
UsageFault_Handler  REL    CONST EXT [007] UNTYP. .intvec    Solved Extern 
WWDG_IRQHandler     REL    CONST EXT [012] UNTYP. .intvec    Solved Extern 
__iar_program_start ABS    CONST EXT [000] UNTYP. __EXTERNS  Solved Extern 
__vector_table      REL    CONST PUB UNTYP.       .intvec    0 


##############################
#           CRC:0            #
#        Errors:   0         #
#        Warnings: 0         #
#         Bytes: 840         #
##############################



